<?xml version="1.0" encoding="UTF-8"?>
<!-- Generated by org.testng.reporters.JUnitReportReporter -->
<testsuite hostname="DESKTOP-MIHB6U5" failures="0" tests="2" name="TestNG.Demo1" time="0.014" errors="0" timestamp="2023-02-13T19:55:49 IST" skipped="0">
  <testcase classname="TestNG.Demo1" name="TC2" time="0.002"/>
  <system-out>
    <![CDATA[TC2 is executed]]>
  </system-out>
  <testcase classname="TestNG.Demo1" name="TC1" time="0.012"/>
  <system-out>
    <![CDATA[TC1 is executed]]>
  </system-out>
</testsuite> <!-- TestNG.Demo1 -->
