<?xml version="1.0" encoding="UTF-8"?>
<!-- Generated by org.testng.reporters.JUnitReportReporter -->
<testsuite hostname="DESKTOP-MIHB6U5" failures="0" tests="3" name="TestNG.Disabled_TC_test" time="0.016" errors="0" timestamp="2023-02-13T11:49:52 IST" skipped="1">
  <testcase classname="TestNG.Disabled_TC_test" name="TC1" time="0.014"/>
  <system-out>
    <![CDATA[TC 1 is executed]]>
  </system-out>
  <testcase classname="TestNG.Disabled_TC_test" name="TC3" time="0.002"/>
  <system-out>
    <![CDATA[TC 3 is executed]]>
  </system-out>
  <testcase classname="TestNG.Disabled_TC_test" name="TC2">
    <skipped/>
  </testcase> <!-- TC2 -->
  <system-out/>
</testsuite> <!-- TestNG.Disabled_TC_test -->
