<?xml version="1.0" encoding="UTF-8"?>
<!-- Generated by org.testng.reporters.JUnitReportReporter -->
<testsuite hostname="DESKTOP-MIHB6U5" failures="0" tests="3" name="TestNG.keyword_priority" time="0.017" errors="0" timestamp="2023-02-11T19:24:40 IST" skipped="0">
  <testcase classname="TestNG.keyword_priority" name="TC3" time="0.012"/>
  <system-out>
    <![CDATA[TC3 executed]]>
  </system-out>
  <testcase classname="TestNG.keyword_priority" name="TC2" time="0.003"/>
  <system-out>
    <![CDATA[TC2 executed]]>
  </system-out>
  <testcase classname="TestNG.keyword_priority" name="TC1" time="0.002"/>
  <system-out>
    <![CDATA[TC1 executed]]>
  </system-out>
</testsuite> <!-- TestNG.keyword_priority -->
