<?xml version="1.0" encoding="UTF-8"?>
<!-- Generated by org.testng.reporters.JUnitReportReporter -->
<testsuite hostname="DESKTOP-MIHB6U5" failures="0" tests="3" name="TestNG_for_mock.Annotations" time="0.017" errors="0" timestamp="2023-02-10T18:15:50 IST" skipped="0">
  <testcase classname="TestNG_for_mock.Annotations" name="A_validateEmail" time="0.011"/>
  <system-out>
    <![CDATA[Validating Test Case]]>
  </system-out>
  <testcase classname="TestNG_for_mock.Annotations" name="C_validateElements" time="0.002"/>
  <system-out>
    <![CDATA[Validating Test Case 3]]>
  </system-out>
  <testcase classname="TestNG_for_mock.Annotations" name="B_validateLogo" time="0.004"/>
  <system-out>
    <![CDATA[Validating Test Case 2]]>
  </system-out>
</testsuite> <!-- TestNG_for_mock.Annotations -->
