<?xml version="1.0" encoding="UTF-8"?>
<!-- Generated by org.testng.reporters.JUnitReportReporter -->
<testsuite hostname="DESKTOP-MIHB6U5" failures="0" tests="1" name="TestNG_for_mock.Test_Class" time="0.007" errors="0" timestamp="2023-02-10T17:56:41 IST" skipped="0">
  <testcase classname="TestNG_for_mock.Test_Class" name="m3" time="0.007"/>
  <system-out>
    <![CDATA[Test Case]]>
  </system-out>
</testsuite> <!-- TestNG_for_mock.Test_Class -->
