<?xml version="1.0" encoding="UTF-8"?>
<!-- Generated by org.testng.reporters.JUnitReportReporter -->
<testsuite hostname="DESKTOP-MIHB6U5" failures="0" tests="1" name="TestNG.Demo2" time="0.002" errors="0" timestamp="2023-02-13T19:57:14 IST" skipped="0">
  <testcase classname="TestNG.Demo2" name="TC3" time="0.002"/>
  <system-out>
    <![CDATA[TC3 is executed]]>
  </system-out>
</testsuite> <!-- TestNG.Demo2 -->
