<?xml version="1.0" encoding="UTF-8"?>
<!-- Generated by org.testng.reporters.JUnitReportReporter -->
<testsuite hostname="DESKTOP-MIHB6U5" failures="0" tests="3" name="TestNG.Grouping_test" time="0.017" errors="0" timestamp="2023-02-13T13:17:00 IST" skipped="0">
  <testcase classname="TestNG.Grouping_test" name="TC6" time="0.002"/>
  <system-out>
    <![CDATA[TC6 is executed]]>
  </system-out>
  <testcase classname="TestNG.Grouping_test" name="TC7" time="0.001"/>
  <system-out>
    <![CDATA[TC7 is executed]]>
  </system-out>
  <testcase classname="TestNG.Grouping_test" name="TC5" time="0.014"/>
  <system-out>
    <![CDATA[TC5 is executed]]>
  </system-out>
</testsuite> <!-- TestNG.Grouping_test -->
