<?xml version="1.0" encoding="UTF-8"?>
<!-- Generated by org.testng.reporters.JUnitReportReporter -->
<testsuite hostname="DESKTOP-MIHB6U5" failures="0" tests="2" name="TestNG.Multi_Browser_Testing" time="44.917" errors="0" timestamp="2023-02-14T13:30:52 IST" skipped="0">
  <testcase classname="TestNG.Multi_Browser_Testing" name="TC1" time="27.536"/>
  <system-out>
    <![CDATA[Test case is passed]]>
  </system-out>
  <testcase classname="TestNG.Multi_Browser_Testing" name="TC1" time="17.381"/>
  <system-out>
    <![CDATA[Test case is passed]]>
  </system-out>
</testsuite> <!-- TestNG.Multi_Browser_Testing -->
