<?xml version="1.0" encoding="UTF-8"?>
<!-- Generated by org.testng.reporters.JUnitReportReporter -->
<testsuite hostname="DESKTOP-MIHB6U5" failures="0" tests="1" name="TestNG.Parallel_test2" time="9.809" errors="0" timestamp="2023-02-13T13:35:58 IST" skipped="0">
  <testcase classname="TestNG.Parallel_test2" name="openInsta" time="9.809"/>
  <system-out/>
</testsuite> <!-- TestNG.Parallel_test2 -->
