<?xml version="1.0" encoding="UTF-8"?>
<!-- Generated by org.testng.reporters.JUnitReportReporter -->
<testsuite hostname="DESKTOP-MIHB6U5" failures="0" tests="2" name="TestNG.sample2" time="0.004" errors="0" timestamp="2023-02-12T21:09:09 IST" skipped="0">
  <testcase classname="TestNG.sample2" name="TC3" time="0.001"/>
  <system-out>
    <![CDATA[TC3 is executed]]>
  </system-out>
  <testcase classname="TestNG.sample2" name="TC4" time="0.003"/>
  <system-out>
    <![CDATA[TC4 is executed]]>
  </system-out>
</testsuite> <!-- TestNG.sample2 -->
