<?xml version="1.0" encoding="UTF-8"?>
<!-- Generated by org.testng.reporters.JUnitReportReporter -->
<testsuite hostname="DESKTOP-MIHB6U5" failures="0" tests="2" name="TestNG.sample3" time="0.003" errors="0" timestamp="2023-02-12T21:09:09 IST" skipped="0">
  <testcase classname="TestNG.sample3" name="TC6" time="0.002"/>
  <system-out>
    <![CDATA[TC6 is executed]]>
  </system-out>
  <testcase classname="TestNG.sample3" name="TC5" time="0.001"/>
  <system-out>
    <![CDATA[TC5 is executed]]>
  </system-out>
</testsuite> <!-- TestNG.sample3 -->
