<?xml version="1.0" encoding="UTF-8"?>
<!-- Generated by org.testng.reporters.JUnitReportReporter -->
<testsuite hostname="DESKTOP-MIHB6U5" failures="0" tests="3" name="TestNG.keyword_enabled" time="0.013" errors="0" timestamp="2023-02-11T19:42:06 IST" skipped="1">
  <testcase classname="TestNG.keyword_enabled" name="TC2" time="0.002"/>
  <system-out>
    <![CDATA[TC2 executed]]>
  </system-out>
  <testcase classname="TestNG.keyword_enabled" name="TC1" time="0.011"/>
  <system-out>
    <![CDATA[TC1 executed]]>
  </system-out>
  <testcase classname="TestNG.keyword_enabled" name="TC3">
    <skipped/>
  </testcase> <!-- TC3 -->
  <system-out/>
</testsuite> <!-- TestNG.keyword_enabled -->
