<?xml version="1.0" encoding="UTF-8"?>
<!-- Generated by org.testng.reporters.JUnitReportReporter -->
<testsuite hostname="DESKTOP-MIHB6U5" failures="0" tests="2" name="TestNG.Disabled_TC_test2" time="0.011" errors="0" timestamp="2023-02-13T11:57:48 IST" skipped="0">
  <testcase classname="TestNG.Disabled_TC_test2" name="TC1" time="0.010"/>
  <system-out>
    <![CDATA[TC 1 is executed]]>
  </system-out>
  <testcase classname="TestNG.Disabled_TC_test2" name="TC3" time="0.001"/>
  <system-out>
    <![CDATA[TC 3 is executed]]>
  </system-out>
</testsuite> <!-- TestNG.Disabled_TC_test2 -->
