<?xml version="1.0" encoding="UTF-8"?>
<!-- Generated by org.testng.reporters.JUnitReportReporter -->
<testsuite hostname="DESKTOP-MIHB6U5" failures="0" tests="2" name="TestNG.sample1" time="0.015" errors="0" timestamp="2023-02-12T21:09:09 IST" skipped="0">
  <testcase classname="TestNG.sample1" name="TC1" time="0.014"/>
  <system-out>
    <![CDATA[TC1 is executed]]>
  </system-out>
  <testcase classname="TestNG.sample1" name="TC2" time="0.001"/>
  <system-out>
    <![CDATA[TC2 is executed]]>
  </system-out>
</testsuite> <!-- TestNG.sample1 -->
