<?xml version="1.0" encoding="UTF-8"?>
<!-- Generated by org.testng.reporters.JUnitReportReporter -->
<testsuite hostname="DESKTOP-MIHB6U5" failures="0" tests="1" name="TestNG.Parallel_test1" time="6.993" errors="0" timestamp="2023-02-13T13:35:58 IST" skipped="0">
  <testcase classname="TestNG.Parallel_test1" name="openFacebook" time="6.993"/>
  <system-out/>
</testsuite> <!-- TestNG.Parallel_test1 -->
