<?xml version="1.0" encoding="UTF-8"?>
<!-- Generated by org.testng.reporters.JUnitReportReporter -->
<testsuite hostname="DESKTOP-MIHB6U5" failures="0" tests="1" name="TestNG.TestNG_Class" time="5.669" errors="0" timestamp="2023-02-10T13:16:56 IST" skipped="0">
  <testcase classname="TestNG.TestNG_Class" name="poenFacebook" time="5.669"/>
  <system-out/>
</testsuite> <!-- TestNG.TestNG_Class -->
