<?xml version="1.0" encoding="UTF-8"?>
<!-- Generated by org.testng.reporters.JUnitReportReporter -->
<testsuite hostname="DESKTOP-MIHB6U5" failures="0" tests="3" name="TestNG.keyword_priority2" time="0.021" errors="0" timestamp="2023-02-11T19:35:03 IST" skipped="0">
  <testcase classname="TestNG.keyword_priority2" name="TC2" time="0.004"/>
  <system-out>
    <![CDATA[TC2 is executed]]>
  </system-out>
  <testcase classname="TestNG.keyword_priority2" name="TC3" time="0.002"/>
  <system-out>
    <![CDATA[TC3 is executed]]>
  </system-out>
  <testcase classname="TestNG.keyword_priority2" name="TC1" time="0.015"/>
  <system-out>
    <![CDATA[TC1 is executed]]>
  </system-out>
</testsuite> <!-- TestNG.keyword_priority2 -->
