<?xml version="1.0" encoding="UTF-8"?>
<!-- Generated by org.testng.reporters.JUnitReportReporter -->
<testsuite hostname="DESKTOP-MIHB6U5" failures="0" tests="1" name="TestNG.Parallel_test3" time="10.773" errors="0" timestamp="2023-02-13T13:35:58 IST" skipped="0">
  <testcase classname="TestNG.Parallel_test3" name="openFlipkart" time="10.773"/>
  <system-out/>
</testsuite> <!-- TestNG.Parallel_test3 -->
