<?xml version="1.0" encoding="UTF-8"?>
<!-- Generated by org.testng.reporters.JUnitReportReporter -->
<testsuite hostname="DESKTOP-MIHB6U5" failures="0" tests="5" name="TestNG.keyword_Invocation_count" time="0.023" errors="0" timestamp="2023-02-11T16:38:15 IST" skipped="0">
  <testcase classname="TestNG.keyword_Invocation_count" name="TC" time="0.002"/>
  <system-out>
    <![CDATA[TC is executed]]>
  </system-out>
  <testcase classname="TestNG.keyword_Invocation_count" name="TC" time="0.013"/>
  <system-out>
    <![CDATA[TC is executed]]>
  </system-out>
  <testcase classname="TestNG.keyword_Invocation_count" name="TC" time="0.003"/>
  <system-out>
    <![CDATA[TC is executed]]>
  </system-out>
  <testcase classname="TestNG.keyword_Invocation_count" name="TC" time="0.003"/>
  <system-out>
    <![CDATA[TC is executed]]>
  </system-out>
  <testcase classname="TestNG.keyword_Invocation_count" name="TC" time="0.002"/>
  <system-out>
    <![CDATA[TC is executed]]>
  </system-out>
</testsuite> <!-- TestNG.keyword_Invocation_count -->
