<?xml version="1.0" encoding="UTF-8"?>
<!-- Generated by org.testng.reporters.JUnitReportReporter -->
<testsuite hostname="DESKTOP-MIHB6U5" failures="0" tests="1" name="TestNG.Annotation" time="0.007" errors="0" timestamp="2023-02-10T17:36:57 IST" skipped="0">
  <testcase classname="TestNG.Annotation" name="TC1" time="0.007"/>
  <system-out>
    <![CDATA[TC1 is running]]>
  </system-out>
</testsuite> <!-- TestNG.Annotation -->
