<?xml version="1.0" encoding="UTF-8"?>
<!-- Generated by org.testng.reporters.JUnitReportReporter -->
<testsuite hostname="DESKTOP-MIHB6U5" failures="0" tests="2" name="TestNG.Annotation2" time="0.013" errors="0" timestamp="2023-02-10T14:01:40 IST" skipped="0">
  <testcase classname="TestNG.Annotation2" name="TC1" time="0.008"/>
  <system-out>
    <![CDATA[Test Case 1 is running]]>
  </system-out>
  <testcase classname="TestNG.Annotation2" name="TC2" time="0.005"/>
  <system-out>
    <![CDATA[Test Case 2 is running]]>
  </system-out>
</testsuite> <!-- TestNG.Annotation2 -->
