<?xml version="1.0" encoding="UTF-8"?>
<!-- Generated by org.testng.reporters.JUnitReportReporter -->
<testsuite hostname="DESKTOP-MIHB6U5" failures="0" tests="2" name="TestNG.Multiple_Browser_parallel_Testing" time="64.438" errors="0" timestamp="2023-02-14T13:48:35 IST" skipped="0">
  <testcase classname="TestNG.Multiple_Browser_parallel_Testing" name="TC1" time="22.209"/>
  <system-out>
    <![CDATA[Test case is passed]]>
  </system-out>
  <testcase classname="TestNG.Multiple_Browser_parallel_Testing" name="TC1" time="42.229"/>
  <system-out>
    <![CDATA[Test case is passed]]>
  </system-out>
</testsuite> <!-- TestNG.Multiple_Browser_parallel_Testing -->
