<?xml version="1.0" encoding="UTF-8"?>
<!-- Generated by org.testng.reporters.JUnitReportReporter -->
<testsuite hostname="DESKTOP-MIHB6U5" failures="0" tests="1" name="POM_with_DDF_TestNG_baseClass_UtilityClass_fo_mock.Test_Class" time="2.267" errors="0" timestamp="2023-02-16T21:17:29 IST" skipped="0">
  <testcase classname="POM_with_DDF_TestNG_baseClass_UtilityClass_fo_mock.Test_Class" name="profileIsClickableOrNot" time="2.267"/>
  <system-out/>
</testsuite> <!-- POM_with_DDF_TestNG_baseClass_UtilityClass_fo_mock.Test_Class -->
